> Task :compileJava UP-TO-DATE
> Task :processResources NO-SOURCE
> Task :classes UP-TO-DATE

> Task :bootRun

  .   ____          _            __ _ _
 /\\ / ___'_ __ _ _(_)_ __  __ _ \ \ \ \
( ( )\___ | '_ | '_| | '_ \/ _` | \ \ \ \
 \\/  ___)| |_)| | | | | || (_| |  ) ) ) )
  '  |____| .__|_| |_|_| |_\__, | / / / /
 =========|_|==============|___/=/_/_/_/
 :: Spring Boot ::        (v2.3.2.RELEASE)

2020-09-19 11:32:01.381  INFO 130256 --- [  restartedMain] com.iplocation.RestServiceApplication    : Starting RestServiceApplication on namhcn with PID 130256 (/home/namhcn/Documents/IPLocation/GPSocial/GPSocialBackend/build/classes/java/main started by namhcn in /home/namhcn/Documents/IPLocation/GPSocial/GPSocialBackend)
2020-09-19 11:32:01.383  INFO 130256 --- [  restartedMain] com.iplocation.RestServiceApplication    : No active profile set, falling back to default profiles: default
2020-09-19 11:32:01.412  INFO 130256 --- [  restartedMain] .e.DevToolsPropertyDefaultsPostProcessor : Devtools property defaults active! Set 'spring.devtools.add-properties' to 'false' to disable
2020-09-19 11:32:01.412  INFO 130256 --- [  restartedMain] .e.DevToolsPropertyDefaultsPostProcessor : For additional web related logging consider setting the 'logging.level.web' property to 'DEBUG'
2020-09-19 11:32:02.019  INFO 130256 --- [  restartedMain] o.s.b.w.embedded.tomcat.TomcatWebServer  : Tomcat initialized with port(s): 8000 (http)
2020-09-19 11:32:02.025  INFO 130256 --- [  restartedMain] o.apache.catalina.core.StandardService   : Starting service [Tomcat]
2020-09-19 11:32:02.025  INFO 130256 --- [  restartedMain] org.apache.catalina.core.StandardEngine  : Starting Servlet engine: [Apache Tomcat/9.0.37]
2020-09-19 11:32:02.058  INFO 130256 --- [  restartedMain] o.a.c.c.C.[Tomcat].[localhost].[/]       : Initializing Spring embedded WebApplicationContext
2020-09-19 11:32:02.058  INFO 130256 --- [  restartedMain] w.s.c.ServletWebServerApplicationContext : Root WebApplicationContext: initialization completed in 646 ms
2020-09-19 11:32:02.060  INFO 130256 --- [  restartedMain] com.iplocation.CORSFilter                : SimpleCORSFilter init
2020-09-19 11:32:02.134  INFO 130256 --- [  restartedMain] o.s.s.concurrent.ThreadPoolTaskExecutor  : Initializing ExecutorService 'clientInboundChannelExecutor'
2020-09-19 11:32:02.136  INFO 130256 --- [  restartedMain] o.s.s.concurrent.ThreadPoolTaskExecutor  : Initializing ExecutorService 'clientOutboundChannelExecutor'
2020-09-19 11:32:02.160  INFO 130256 --- [  restartedMain] o.s.s.c.ThreadPoolTaskScheduler          : Initializing ExecutorService 'messageBrokerTaskScheduler'
2020-09-19 11:32:02.175  INFO 130256 --- [  restartedMain] o.s.s.concurrent.ThreadPoolTaskExecutor  : Initializing ExecutorService 'brokerChannelExecutor'
2020-09-19 11:32:02.517  INFO 130256 --- [  restartedMain] o.s.b.d.a.OptionalLiveReloadServer       : LiveReload server is running on port 35729
2020-09-19 11:32:02.535  INFO 130256 --- [  restartedMain] o.s.b.w.embedded.tomcat.TomcatWebServer  : Tomcat started on port(s): 8000 (http) with context path ''
2020-09-19 11:32:02.536  INFO 130256 --- [  restartedMain] o.s.m.s.b.SimpleBrokerMessageHandler     : Starting...
2020-09-19 11:32:02.536  INFO 130256 --- [  restartedMain] o.s.m.s.b.SimpleBrokerMessageHandler     : BrokerAvailabilityEvent[available=true, SimpleBrokerMessageHandler [DefaultSubscriptionRegistry[cache[0 destination(s)], registry[0 sessions]]]]
2020-09-19 11:32:02.537  INFO 130256 --- [  restartedMain] o.s.m.s.b.SimpleBrokerMessageHandler     : Started.
2020-09-19 11:32:02.543  INFO 130256 --- [  restartedMain] com.iplocation.RestServiceApplication    : Started RestServiceApplication in 1.476 seconds (JVM running for 1.757)

> Task :bootRun FAILED

FAILURE: Build failed with an exception.

* What went wrong:
Execution failed for task ':bootRun'.
> Process 'command '/zserver/java/jdk1.8.0_192-x64/bin/java'' finished with non-zero exit value 137

* Try:
Run with --stacktrace option to get the stack trace. Run with --info or --debug option to get more log output. Run with --scan to get full insights.

* Get more help at https://help.gradle.org

BUILD FAILED in 15s
2 actionable tasks: 1 executed, 1 up-to-date
> Task :compileJava UP-TO-DATE
> Task :processResources NO-SOURCE
> Task :classes UP-TO-DATE

> Task :bootRun

  .   ____          _            __ _ _
 /\\ / ___'_ __ _ _(_)_ __  __ _ \ \ \ \
( ( )\___ | '_ | '_| | '_ \/ _` | \ \ \ \
 \\/  ___)| |_)| | | | | || (_| |  ) ) ) )
  '  |____| .__|_| |_|_| |_\__, | / / / /
 =========|_|==============|___/=/_/_/_/
 :: Spring Boot ::        (v2.3.2.RELEASE)

2020-09-19 12:07:14.125  INFO 142745 --- [  restartedMain] com.iplocation.RestServiceApplication    : Starting RestServiceApplication on namhcn with PID 142745 (/home/namhcn/Documents/IPLocation/GPSocial/GPSocialBackend/build/classes/java/main started by namhcn in /home/namhcn/Documents/IPLocation/GPSocial/GPSocialBackend)
2020-09-19 12:07:14.127  INFO 142745 --- [  restartedMain] com.iplocation.RestServiceApplication    : No active profile set, falling back to default profiles: default
2020-09-19 12:07:14.157  INFO 142745 --- [  restartedMain] .e.DevToolsPropertyDefaultsPostProcessor : Devtools property defaults active! Set 'spring.devtools.add-properties' to 'false' to disable
2020-09-19 12:07:14.157  INFO 142745 --- [  restartedMain] .e.DevToolsPropertyDefaultsPostProcessor : For additional web related logging consider setting the 'logging.level.web' property to 'DEBUG'
2020-09-19 12:07:14.812  INFO 142745 --- [  restartedMain] o.s.b.w.embedded.tomcat.TomcatWebServer  : Tomcat initialized with port(s): 8000 (http)
2020-09-19 12:07:14.818  INFO 142745 --- [  restartedMain] o.apache.catalina.core.StandardService   : Starting service [Tomcat]
2020-09-19 12:07:14.818  INFO 142745 --- [  restartedMain] org.apache.catalina.core.StandardEngine  : Starting Servlet engine: [Apache Tomcat/9.0.37]
2020-09-19 12:07:14.850  INFO 142745 --- [  restartedMain] o.a.c.c.C.[Tomcat].[localhost].[/]       : Initializing Spring embedded WebApplicationContext
2020-09-19 12:07:14.850  INFO 142745 --- [  restartedMain] w.s.c.ServletWebServerApplicationContext : Root WebApplicationContext: initialization completed in 693 ms
2020-09-19 12:07:14.853  INFO 142745 --- [  restartedMain] com.iplocation.CORSFilter                : SimpleCORSFilter init
2020-09-19 12:07:14.927  INFO 142745 --- [  restartedMain] o.s.s.concurrent.ThreadPoolTaskExecutor  : Initializing ExecutorService 'clientInboundChannelExecutor'
2020-09-19 12:07:14.930  INFO 142745 --- [  restartedMain] o.s.s.concurrent.ThreadPoolTaskExecutor  : Initializing ExecutorService 'clientOutboundChannelExecutor'
2020-09-19 12:07:14.951  INFO 142745 --- [  restartedMain] o.s.s.c.ThreadPoolTaskScheduler          : Initializing ExecutorService 'messageBrokerTaskScheduler'
2020-09-19 12:07:14.966  INFO 142745 --- [  restartedMain] o.s.s.concurrent.ThreadPoolTaskExecutor  : Initializing ExecutorService 'brokerChannelExecutor'
2020-09-19 12:07:15.288  INFO 142745 --- [  restartedMain] o.s.b.d.a.OptionalLiveReloadServer       : LiveReload server is running on port 35729
2020-09-19 12:07:15.313  INFO 142745 --- [  restartedMain] o.s.b.w.embedded.tomcat.TomcatWebServer  : Tomcat started on port(s): 8000 (http) with context path ''
2020-09-19 12:07:15.315  INFO 142745 --- [  restartedMain] o.s.m.s.b.SimpleBrokerMessageHandler     : Starting...
2020-09-19 12:07:15.315  INFO 142745 --- [  restartedMain] o.s.m.s.b.SimpleBrokerMessageHandler     : BrokerAvailabilityEvent[available=true, SimpleBrokerMessageHandler [DefaultSubscriptionRegistry[cache[0 destination(s)], registry[0 sessions]]]]
2020-09-19 12:07:15.315  INFO 142745 --- [  restartedMain] o.s.m.s.b.SimpleBrokerMessageHandler     : Started.
2020-09-19 12:07:15.322  INFO 142745 --- [  restartedMain] com.iplocation.RestServiceApplication    : Started RestServiceApplication in 1.414 seconds (JVM running for 1.686)

> Task :bootRun FAILED

FAILURE: Build failed with an exception.

* What went wrong:
Execution failed for task ':bootRun'.
> Process 'command '/zserver/java/jdk1.8.0_192-x64/bin/java'' finished with non-zero exit value 137

* Try:
Run with --stacktrace option to get the stack trace. Run with --info or --debug option to get more log output. Run with --scan to get full insights.

* Get more help at https://help.gradle.org

BUILD FAILED in 8s
2 actionable tasks: 1 executed, 1 up-to-date
> Task :compileJava UP-TO-DATE
> Task :processResources NO-SOURCE
> Task :classes UP-TO-DATE

> Task :bootRun

  .   ____          _            __ _ _
 /\\ / ___'_ __ _ _(_)_ __  __ _ \ \ \ \
( ( )\___ | '_ | '_| | '_ \/ _` | \ \ \ \
 \\/  ___)| |_)| | | | | || (_| |  ) ) ) )
  '  |____| .__|_| |_|_| |_\__, | / / / /
 =========|_|==============|___/=/_/_/_/
 :: Spring Boot ::        (v2.3.2.RELEASE)

2020-09-19 12:07:22.445  INFO 142913 --- [  restartedMain] com.iplocation.RestServiceApplication    : Starting RestServiceApplication on namhcn with PID 142913 (/home/namhcn/Documents/IPLocation/GPSocial/GPSocialBackend/build/classes/java/main started by namhcn in /home/namhcn/Documents/IPLocation/GPSocial/GPSocialBackend)
2020-09-19 12:07:22.447  INFO 142913 --- [  restartedMain] com.iplocation.RestServiceApplication    : No active profile set, falling back to default profiles: default
2020-09-19 12:07:22.474  INFO 142913 --- [  restartedMain] .e.DevToolsPropertyDefaultsPostProcessor : Devtools property defaults active! Set 'spring.devtools.add-properties' to 'false' to disable
2020-09-19 12:07:22.474  INFO 142913 --- [  restartedMain] .e.DevToolsPropertyDefaultsPostProcessor : For additional web related logging consider setting the 'logging.level.web' property to 'DEBUG'
2020-09-19 12:07:23.104  INFO 142913 --- [  restartedMain] o.s.b.w.embedded.tomcat.TomcatWebServer  : Tomcat initialized with port(s): 8000 (http)
2020-09-19 12:07:23.110  INFO 142913 --- [  restartedMain] o.apache.catalina.core.StandardService   : Starting service [Tomcat]
2020-09-19 12:07:23.110  INFO 142913 --- [  restartedMain] org.apache.catalina.core.StandardEngine  : Starting Servlet engine: [Apache Tomcat/9.0.37]
2020-09-19 12:07:23.147  INFO 142913 --- [  restartedMain] o.a.c.c.C.[Tomcat].[localhost].[/]       : Initializing Spring embedded WebApplicationContext
2020-09-19 12:07:23.147  INFO 142913 --- [  restartedMain] w.s.c.ServletWebServerApplicationContext : Root WebApplicationContext: initialization completed in 673 ms
2020-09-19 12:07:23.150  INFO 142913 --- [  restartedMain] com.iplocation.CORSFilter                : SimpleCORSFilter init
2020-09-19 12:07:23.257  INFO 142913 --- [  restartedMain] o.s.s.concurrent.ThreadPoolTaskExecutor  : Initializing ExecutorService 'clientInboundChannelExecutor'
2020-09-19 12:07:23.259  INFO 142913 --- [  restartedMain] o.s.s.concurrent.ThreadPoolTaskExecutor  : Initializing ExecutorService 'clientOutboundChannelExecutor'
2020-09-19 12:07:23.282  INFO 142913 --- [  restartedMain] o.s.s.c.ThreadPoolTaskScheduler          : Initializing ExecutorService 'messageBrokerTaskScheduler'
2020-09-19 12:07:23.300  INFO 142913 --- [  restartedMain] o.s.s.concurrent.ThreadPoolTaskExecutor  : Initializing ExecutorService 'brokerChannelExecutor'
2020-09-19 12:07:23.664  INFO 142913 --- [  restartedMain] o.s.b.d.a.OptionalLiveReloadServer       : LiveReload server is running on port 35729
2020-09-19 12:07:23.700  INFO 142913 --- [  restartedMain] o.s.b.w.embedded.tomcat.TomcatWebServer  : Tomcat started on port(s): 8000 (http) with context path ''
2020-09-19 12:07:23.705  INFO 142913 --- [  restartedMain] o.s.m.s.b.SimpleBrokerMessageHandler     : Starting...
2020-09-19 12:07:23.705  INFO 142913 --- [  restartedMain] o.s.m.s.b.SimpleBrokerMessageHandler     : BrokerAvailabilityEvent[available=true, SimpleBrokerMessageHandler [DefaultSubscriptionRegistry[cache[0 destination(s)], registry[0 sessions]]]]
2020-09-19 12:07:23.706  INFO 142913 --- [  restartedMain] o.s.m.s.b.SimpleBrokerMessageHandler     : Started.
2020-09-19 12:07:23.715  INFO 142913 --- [  restartedMain] com.iplocation.RestServiceApplication    : Started RestServiceApplication in 1.477 seconds (JVM running for 1.766)
2020-09-19 12:08:23.299  INFO 142913 --- [MessageBroker-1] o.s.w.s.c.WebSocketMessageBrokerStats    : WebSocketSession[0 current WS(0)-HttpStream(0)-HttpPoll(0), 0 total, 0 closed abnormally (0 connect failure, 0 send limit, 0 transport error)], stompSubProtocol[processed CONNECT(0)-CONNECTED(0)-DISCONNECT(0)], stompBrokerRelay[null], inboundChannel[pool size = 0, active threads = 0, queued tasks = 0, completed tasks = 0], outboundChannel[pool size = 0, active threads = 0, queued tasks = 0, completed tasks = 0], sockJsScheduler[pool size = 1, active threads = 1, queued tasks = 0, completed tasks = 0]

> Task :bootRun FAILED

FAILURE: Build failed with an exception.

* What went wrong:
Execution failed for task ':bootRun'.
> Process 'command '/zserver/java/jdk1.8.0_192-x64/bin/java'' finished with non-zero exit value 137

* Try:
Run with --stacktrace option to get the stack trace. Run with --info or --debug option to get more log output. Run with --scan to get full insights.

* Get more help at https://help.gradle.org

BUILD FAILED in 1m 51s
2 actionable tasks: 1 executed, 1 up-to-date
